# JRE version: Java(TM) SE Runtime Environment (8.0_45-b15) (build 1.8.0_45-b15)
# Java VM: Java HotSpot(TM) 64-Bit Server VM (25.45-b02 mixed mode windows-amd64 compressed oops)
Heap:
 PSYoungGen      total 235520K, used 116537K [0x00000000eab00000, 0x0000000100000000, 0x0000000100000000)
  eden space 168960K, 68% used [0x00000000eab00000,0x00000000f1cce4c0,0x00000000f5000000)
  from space 66560K, 0% used [0x00000000fbf00000,0x00000000fbf00000,0x0000000100000000)
  to   space 90112K, 0% used [0x00000000f5000000,0x00000000f5000000,0x00000000fa800000)
 ParOldGen       total 173056K, used 172969K [0x00000000c0000000, 0x00000000ca900000, 0x00000000eab00000)
  object space 173056K, 99% used [0x00000000c0000000,0x00000000ca8ea468,0x00000000ca900000)
 Metaspace       used 6161K, capacity 7216K, committed 7296K, reserved 1056768K
  class space    used 580K, capacity 616K, committed 640K, reserved 1048576K
GC Heap History (10 events):
Event: 26.490 GC heap before
{Heap before GC invocations=11 (full 1):
 PSYoungGen      total 282624K, used 282597K [0x00000000eab00000, 0x0000000100000000, 0x0000000100000000)
  eden space 216064K, 100% used [0x00000000eab00000,0x00000000f7e00000,0x00000000f7e00000)
  from space 66560K, 99% used [0x00000000f7e00000,0x00000000fbef97b8,0x00000000fbf00000)
  to   space 66560K, 0% used [0x00000000fbf00000,0x00000000fbf00000,0x0000000100000000)
 ParOldGen       total 173056K, used 115544K [0x00000000c0000000, 0x00000000ca900000, 0x00000000eab00000)
  object space 173056K, 66% used [0x00000000c0000000,0x00000000c70d62c8,0x00000000ca900000)
 Metaspace       used 6147K, capacity 7216K, committed 7296K, reserved 1056768K
  class space    used 580K, capacity 616K, committed 640K, reserved 1048576K
Event: 26.810 GC heap after
Heap after GC invocations=11 (full 1):
 PSYoungGen      total 235520K, used 57189K [0x00000000eab00000, 0x0000000100000000, 0x0000000100000000)
  eden space 168960K, 0% used [0x00000000eab00000,0x00000000eab00000,0x00000000f5000000)
  from space 66560K, 85% used [0x00000000fbf00000,0x00000000ff6d9560,0x0000000100000000)
  to   space 90112K, 0% used [0x00000000f5000000,0x00000000f5000000,0x00000000fa800000)
 ParOldGen       total 173056K, used 159979K [0x00000000c0000000, 0x00000000ca900000, 0x00000000eab00000)
  object space 173056K, 92% used [0x00000000c0000000,0x00000000c9c3aed8,0x00000000ca900000)
 Metaspace       used 6147K, capacity 7216K, committed 7296K, reserved 1056768K
  class space    used 580K, capacity 616K, committed 640K, reserved 1048576K
}
Event: 26.810 GC heap before
{Heap before GC invocations=12 (full 2):
 PSYoungGen      total 235520K, used 57189K [0x00000000eab00000, 0x0000000100000000, 0x0000000100000000)
  eden space 168960K, 0% used [0x00000000eab00000,0x00000000eab00000,0x00000000f5000000)
  from space 66560K, 85% used [0x00000000fbf00000,0x00000000ff6d9560,0x0000000100000000)
  to   space 90112K, 0% used [0x00000000f5000000,0x00000000f5000000,0x00000000fa800000)
 ParOldGen       total 173056K, used 159979K [0x00000000c0000000, 0x00000000ca900000, 0x00000000eab00000)
  object space 173056K, 92% used [0x00000000c0000000,0x00000000c9c3aed8,0x00000000ca900000)
 Metaspace       used 6147K, capacity 7216K, committed 7296K, reserved 1056768K
  class space    used 580K, capacity 616K, committed 640K, reserved 1048576K
Event: 29.249 GC heap after
Heap after GC invocations=12 (full 2):
 PSYoungGen      total 235520K, used 38025K [0x00000000eab00000, 0x0000000100000000, 0x0000000100000000)
  eden space 168960K, 0% used [0x00000000eab00000,0x00000000eab00000,0x00000000f5000000)
  from space 66560K, 57% used [0x00000000fbf00000,0x00000000fe4225d0,0x0000000100000000)
  to   space 90112K, 0% used [0x00000000f5000000,0x00000000f5000000,0x00000000fa800000)
 ParOldGen       total 173056K, used 172695K [0x00000000c0000000, 0x00000000ca900000, 0x00000000eab00000)
  object space 173056K, 99% used [0x00000000c0000000,0x00000000ca8a5e30,0x00000000ca900000)
 Metaspace       used 6147K, capacity 7216K, committed 7296K, reserved 1056768K
  class space    used 580K, capacity 616K, committed 640K, reserved 1048576K
}
Event: 30.382 GC heap before
{Heap before GC invocations=13 (full 3):
 PSYoungGen      total 235520K, used 206985K [0x00000000eab00000, 0x0000000100000000, 0x0000000100000000)
  eden space 168960K, 100% used [0x00000000eab00000,0x00000000f5000000,0x00000000f5000000)
  from space 66560K, 57% used [0x00000000fbf00000,0x00000000fe4225d0,0x0000000100000000)
  to   space 90112K, 0% used [0x00000000f5000000,0x00000000f5000000,0x00000000fa800000)
 ParOldGen       total 173056K, used 172695K [0x00000000c0000000, 0x00000000ca900000, 0x00000000eab00000)
  object space 173056K, 99% used [0x00000000c0000000,0x00000000ca8a5e30,0x00000000ca900000)
 Metaspace       used 6154K, capacity 7216K, committed 7296K, reserved 1056768K
  class space    used 580K, capacity 616K, committed 640K, reserved 1048576K
Event: 32.960 GC heap after
Heap after GC invocations=13 (full 3):
 PSYoungGen      total 235520K, used 61347K [0x00000000eab00000, 0x0000000100000000, 0x0000000100000000)
  eden space 168960K, 36% used [0x00000000eab00000,0x00000000ee6e8d50,0x00000000f5000000)
  from space 66560K, 0% used [0x00000000fbf00000,0x00000000fbf00000,0x0000000100000000)
  to   space 90112K, 0% used [0x00000000f5000000,0x00000000f5000000,0x00000000fa800000)
 ParOldGen       total 173056K, used 173007K [0x00000000c0000000, 0x00000000ca900000, 0x00000000eab00000)
  object space 173056K, 99% used [0x00000000c0000000,0x00000000ca8f3ee8,0x00000000ca900000)
 Metaspace       used 6154K, capacity 7216K, committed 7296K, reserved 1056768K
  class space    used 580K, capacity 616K, committed 640K, reserved 1048576K
}
Event: 33.555 GC heap before
{Heap before GC invocations=14 (full 4):
 PSYoungGen      total 235520K, used 168960K [0x00000000eab00000, 0x0000000100000000, 0x0000000100000000)
  eden space 168960K, 100% used [0x00000000eab00000,0x00000000f5000000,0x00000000f5000000)
  from space 66560K, 0% used [0x00000000fbf00000,0x00000000fbf00000,0x0000000100000000)
  to   space 90112K, 0% used [0x00000000f5000000,0x00000000f5000000,0x00000000fa800000)
 ParOldGen       total 173056K, used 173007K [0x00000000c0000000, 0x00000000ca900000, 0x00000000eab00000)
  object space 173056K, 99% used [0x00000000c0000000,0x00000000ca8f3ee8,0x00000000ca900000)
 Metaspace       used 6154K, capacity 7216K, committed 7296K, reserved 1056768K
  class space    used 580K, capacity 616K, committed 640K, reserved 1048576K
Event: 34.841 GC heap after
Heap after GC invocations=14 (full 4):
 PSYoungGen      total 235520K, used 77194K [0x00000000eab00000, 0x0000000100000000, 0x0000000100000000)
  eden space 168960K, 45% used [0x00000000eab00000,0x00000000ef662930,0x00000000f5000000)
  from space 66560K, 0% used [0x00000000fbf00000,0x00000000fbf00000,0x0000000100000000)
  to   space 90112K, 0% used [0x00000000f5000000,0x00000000f5000000,0x00000000fa800000)
 ParOldGen       total 173056K, used 172974K [0x00000000c0000000, 0x00000000ca900000, 0x00000000eab00000)
  object space 173056K, 99% used [0x00000000c0000000,0x00000000ca8eb988,0x00000000ca900000)
 Metaspace       used 6154K, capacity 7216K, committed 7296K, reserved 1056768K
  class space    used 580K, capacity 616K, committed 640K, reserved 1048576K
}
Event: 35.272 GC heap before
{Heap before GC invocations=15 (full 5):
 PSYoungGen      total 235520K, used 168960K [0x00000000eab00000, 0x0000000100000000, 0x0000000100000000)
  eden space 168960K, 100% used [0x00000000eab00000,0x00000000f5000000,0x00000000f5000000)
  from space 66560K, 0% used [0x00000000fbf00000,0x00000000fbf00000,0x0000000100000000)
  to   space 90112K, 0% used [0x00000000f5000000,0x00000000f5000000,0x00000000fa800000)
 ParOldGen       total 173056K, used 172974K [0x00000000c0000000, 0x00000000ca900000, 0x00000000eab00000)
  object space 173056K, 99% used [0x00000000c0000000,0x00000000ca8eb988,0x00000000ca900000)
 Metaspace       used 6161K, capacity 7216K, committed 7296K, reserved 1056768K
  class space    used 580K, capacity 616K, committed 640K, reserved 1048576K
Event: 36.527 GC heap after
Heap after GC invocations=15 (full 5):
 PSYoungGen      total 235520K, used 90945K [0x00000000eab00000, 0x0000000100000000, 0x0000000100000000)
  eden space 168960K, 53% used [0x00000000eab00000,0x00000000f03d0598,0x00000000f5000000)
  from space 66560K, 0% used [0x00000000fbf00000,0x00000000fbf00000,0x0000000100000000)
  to   space 90112K, 0% used [0x00000000f5000000,0x00000000f5000000,0x00000000fa800000)
 ParOldGen       total 173056K, used 172969K [0x00000000c0000000, 0x00000000ca900000, 0x00000000eab00000)
  object space 173056K, 99% used [0x00000000c0000000,0x00000000ca8ea468,0x00000000ca900000)
 Metaspace       used 6161K, capacity 7216K, committed 7296K, reserved 1056768K
  class space    used 580K, capacity 616K, committed 640K, reserved 1048576K
}

