# JRE version: Java(TM) SE Runtime Environment (8.0_45-b15) (build 1.8.0_45-b15)
# Java VM: Java HotSpot(TM) 64-Bit Server VM (25.45-b02 mixed mode windows-amd64 compressed oops)
Heap:
 PSYoungGen      total 158720K, used 41213K [0x00000000eab00000, 0x00000000fbc00000, 0x0000000100000000)
  eden space 101376K, 28% used [0x00000000eab00000,0x00000000ec6cec30,0x00000000f0e00000)
  from space 57344K, 22% used [0x00000000f5200000,0x00000000f5e70890,0x00000000f8a00000)
  to   space 69632K, 0% used [0x00000000f0e00000,0x00000000f0e00000,0x00000000f5200000)
 ParOldGen       total 289280K, used 289119K [0x00000000c0000000, 0x00000000d1a80000, 0x00000000eab00000)
  object space 289280K, 99% used [0x00000000c0000000,0x00000000d1a57eb8,0x00000000d1a80000)
 Metaspace       used 5483K, capacity 6672K, committed 6784K, reserved 1056768K
  class space    used 533K, capacity 584K, committed 640K, reserved 1048576K
GC Heap History (10 events):
Event: 4.149 GC heap before
{Heap before GC invocations=7 (full 2):
 PSYoungGen      total 118784K, used 5090K [0x00000000eab00000, 0x00000000f8a00000, 0x0000000100000000)
  eden space 113664K, 0% used [0x00000000eab00000,0x00000000eab00000,0x00000000f1a00000)
  from space 5120K, 99% used [0x00000000f2b00000,0x00000000f2ff8bb0,0x00000000f3000000)
  to   space 57344K, 0% used [0x00000000f5200000,0x00000000f5200000,0x00000000f8a00000)
 ParOldGen       total 160256K, used 138996K [0x00000000c0000000, 0x00000000c9c80000, 0x00000000eab00000)
  object space 160256K, 86% used [0x00000000c0000000,0x00000000c87bd220,0x00000000c9c80000)
 Metaspace       used 5385K, capacity 6608K, committed 6784K, reserved 1056768K
  class space    used 526K, capacity 584K, committed 640K, reserved 1048576K
Event: 4.968 GC heap after
Heap after GC invocations=7 (full 2):
 PSYoungGen      total 118784K, used 0K [0x00000000eab00000, 0x00000000f8a00000, 0x0000000100000000)
  eden space 113664K, 0% used [0x00000000eab00000,0x00000000eab00000,0x00000000f1a00000)
  from space 5120K, 0% used [0x00000000f2b00000,0x00000000f2b00000,0x00000000f3000000)
  to   space 57344K, 0% used [0x00000000f5200000,0x00000000f5200000,0x00000000f8a00000)
 ParOldGen       total 289280K, used 140481K [0x00000000c0000000, 0x00000000d1a80000, 0x00000000eab00000)
  object space 289280K, 48% used [0x00000000c0000000,0x00000000c89307f0,0x00000000d1a80000)
 Metaspace       used 5385K, capacity 6608K, committed 6784K, reserved 1056768K
  class space    used 526K, capacity 584K, committed 640K, reserved 1048576K
}
Event: 5.690 GC heap before
{Heap before GC invocations=8 (full 2):
 PSYoungGen      total 118784K, used 113664K [0x00000000eab00000, 0x00000000f8a00000, 0x0000000100000000)
  eden space 113664K, 100% used [0x00000000eab00000,0x00000000f1a00000,0x00000000f1a00000)
  from space 5120K, 0% used [0x00000000f2b00000,0x00000000f2b00000,0x00000000f3000000)
  to   space 57344K, 0% used [0x00000000f5200000,0x00000000f5200000,0x00000000f8a00000)
 ParOldGen       total 289280K, used 140481K [0x00000000c0000000, 0x00000000d1a80000, 0x00000000eab00000)
  object space 289280K, 48% used [0x00000000c0000000,0x00000000c89307f0,0x00000000d1a80000)
 Metaspace       used 5389K, capacity 6608K, committed 6784K, reserved 1056768K
  class space    used 526K, capacity 584K, committed 640K, reserved 1048576K
Event: 5.826 GC heap after
Heap after GC invocations=8 (full 2):
 PSYoungGen      total 158720K, used 57340K [0x00000000eab00000, 0x00000000fbc00000, 0x0000000100000000)
  eden space 101376K, 0% used [0x00000000eab00000,0x00000000eab00000,0x00000000f0e00000)
  from space 57344K, 99% used [0x00000000f5200000,0x00000000f89ff108,0x00000000f8a00000)
  to   space 69632K, 0% used [0x00000000f0e00000,0x00000000f0e00000,0x00000000f5200000)
 ParOldGen       total 289280K, used 144552K [0x00000000c0000000, 0x00000000d1a80000, 0x00000000eab00000)
  object space 289280K, 49% used [0x00000000c0000000,0x00000000c8d2a088,0x00000000d1a80000)
 Metaspace       used 5389K, capacity 6608K, committed 6784K, reserved 1056768K
  class space    used 526K, capacity 584K, committed 640K, reserved 1048576K
}
Event: 6.475 GC heap before
{Heap before GC invocations=9 (full 2):
 PSYoungGen      total 158720K, used 158716K [0x00000000eab00000, 0x00000000fbc00000, 0x0000000100000000)
  eden space 101376K, 100% used [0x00000000eab00000,0x00000000f0e00000,0x00000000f0e00000)
  from space 57344K, 99% used [0x00000000f5200000,0x00000000f89ff108,0x00000000f8a00000)
  to   space 69632K, 0% used [0x00000000f0e00000,0x00000000f0e00000,0x00000000f5200000)
 ParOldGen       total 289280K, used 144552K [0x00000000c0000000, 0x00000000d1a80000, 0x00000000eab00000)
  object space 289280K, 49% used [0x00000000c0000000,0x00000000c8d2a088,0x00000000d1a80000)
 Metaspace       used 5400K, capacity 6608K, committed 6784K, reserved 1056768K
  class space    used 526K, capacity 584K, committed 640K, reserved 1048576K
Event: 6.642 GC heap after
Heap after GC invocations=9 (full 2):
 PSYoungGen      total 171008K, used 69612K [0x00000000eab00000, 0x00000000fbc00000, 0x0000000100000000)
  eden space 101376K, 0% used [0x00000000eab00000,0x00000000eab00000,0x00000000f0e00000)
  from space 69632K, 99% used [0x00000000f0e00000,0x00000000f51fb0a8,0x00000000f5200000)
  to   space 57344K, 0% used [0x00000000f5200000,0x00000000f5200000,0x00000000f8a00000)
 ParOldGen       total 289280K, used 184039K [0x00000000c0000000, 0x00000000d1a80000, 0x00000000eab00000)
  object space 289280K, 63% used [0x00000000c0000000,0x00000000cb3b9f20,0x00000000d1a80000)
 Metaspace       used 5400K, capacity 6608K, committed 6784K, reserved 1056768K
  class space    used 526K, capacity 584K, committed 640K, reserved 1048576K
}
Event: 7.243 GC heap before
{Heap before GC invocations=10 (full 2):
 PSYoungGen      total 171008K, used 170988K [0x00000000eab00000, 0x00000000fbc00000, 0x0000000100000000)
  eden space 101376K, 100% used [0x00000000eab00000,0x00000000f0e00000,0x00000000f0e00000)
  from space 69632K, 99% used [0x00000000f0e00000,0x00000000f51fb0a8,0x00000000f5200000)
  to   space 57344K, 0% used [0x00000000f5200000,0x00000000f5200000,0x00000000f8a00000)
 ParOldGen       total 289280K, used 184039K [0x00000000c0000000, 0x00000000d1a80000, 0x00000000eab00000)
  object space 289280K, 63% used [0x00000000c0000000,0x00000000cb3b9f20,0x00000000d1a80000)
 Metaspace       used 5401K, capacity 6608K, committed 6784K, reserved 1056768K
  class space    used 527K, capacity 584K, committed 640K, reserved 1048576K
Event: 7.438 GC heap after
Heap after GC invocations=10 (full 2):
 PSYoungGen      total 158720K, used 57313K [0x00000000eab00000, 0x00000000fbc00000, 0x0000000100000000)
  eden space 101376K, 0% used [0x00000000eab00000,0x00000000eab00000,0x00000000f0e00000)
  from space 57344K, 99% used [0x00000000f5200000,0x00000000f89f8490,0x00000000f8a00000)
  to   space 69632K, 0% used [0x00000000f0e00000,0x00000000f0e00000,0x00000000f5200000)
 ParOldGen       total 289280K, used 249338K [0x00000000c0000000, 0x00000000d1a80000, 0x00000000eab00000)
  object space 289280K, 86% used [0x00000000c0000000,0x00000000cf37e8d8,0x00000000d1a80000)
 Metaspace       used 5401K, capacity 6608K, committed 6784K, reserved 1056768K
  class space    used 527K, capacity 584K, committed 640K, reserved 1048576K
}
Event: 7.438 GC heap before
{Heap before GC invocations=11 (full 3):
 PSYoungGen      total 158720K, used 57313K [0x00000000eab00000, 0x00000000fbc00000, 0x0000000100000000)
  eden space 101376K, 0% used [0x00000000eab00000,0x00000000eab00000,0x00000000f0e00000)
  from space 57344K, 99% used [0x00000000f5200000,0x00000000f89f8490,0x00000000f8a00000)
  to   space 69632K, 0% used [0x00000000f0e00000,0x00000000f0e00000,0x00000000f5200000)
 ParOldGen       total 289280K, used 249338K [0x00000000c0000000, 0x00000000d1a80000, 0x00000000eab00000)
  object space 289280K, 86% used [0x00000000c0000000,0x00000000cf37e8d8,0x00000000d1a80000)
 Metaspace       used 5401K, capacity 6608K, committed 6784K, reserved 1056768K
  class space    used 527K, capacity 584K, committed 640K, reserved 1048576K
Event: 10.519 GC heap after
Heap after GC invocations=11 (full 3):
 PSYoungGen      total 158720K, used 12738K [0x00000000eab00000, 0x00000000fbc00000, 0x0000000100000000)
  eden space 101376K, 0% used [0x00000000eab00000,0x00000000eab00000,0x00000000f0e00000)
  from space 57344K, 22% used [0x00000000f5200000,0x00000000f5e70890,0x00000000f8a00000)
  to   space 69632K, 0% used [0x00000000f0e00000,0x00000000f0e00000,0x00000000f5200000)
 ParOldGen       total 289280K, used 289119K [0x00000000c0000000, 0x00000000d1a80000, 0x00000000eab00000)
  object space 289280K, 99% used [0x00000000c0000000,0x00000000d1a57eb8,0x00000000d1a80000)
 Metaspace       used 5401K, capacity 6608K, committed 6784K, reserved 1056768K
  class space    used 527K, capacity 584K, committed 640K, reserved 1048576K
}

